<?xml version="1.0" encoding="UTF-8"?>
<!-- Generated by org.testng.reporters.JUnitReportReporter -->
<testsuite hostname="LAPTOP-HL9EOCAP" failures="0" tests="1" name="Generic.Base_class" time="0.010" errors="0" timestamp="2024-01-09T17:43:13 IST" skipped="0">
  <testcase classname="Generic.Base_class" name="testcreatecustomer" time="0.010">
    <system-out>
      <![CDATA[createcustomer]]>
    </system-out>
  </testcase> <!-- testcreatecustomer -->
  <system-out>
    <![CDATA[createcustomer]]>
  </system-out>
</testsuite> <!-- Generic.Base_class -->
